15:09:16.897 @MAI001 20180602
15:09:16.899 @MAI002 4.0100.0103
15:09:16.901 @MAI003 18060203
15:09:16.903 @MAI004 1
15:09:16.906 @idx 8
15:09:16.911 @MAI001 20180602
15:09:16.913 @MAI002 4.0100.0054
15:09:16.915 @MAI003 18060204
15:09:16.916 @MAI004 200
15:09:16.917 @idx 4
15:09:16.920 @MAI001 20180602
15:09:16.921 @MAI002 4.0100.0074
15:09:16.922 @MAI003 18060202
15:09:16.923 @MAI004 1
15:09:16.925 @idx 7
15:09:16.928 @MAI001 20180602
15:09:16.930 @MAI002 4.0100.0061
15:09:16.931 @MAI003 18060201
15:09:16.933 @MAI004 2
15:09:16.935 @idx 6
15:09:34.166 @MAI001 
15:09:34.168 @MAI002 4.0100.0054
15:09:34.170 @MAI003 1212
15:09:34.172 @MAI004 400
15:12:49.801 @MAI001 20180602
15:12:49.803 @MAI002 4.0100.0061
15:12:49.805 @MAI003 18060201
15:12:49.806 @MAI004 2
15:12:49.807 @idx 6
15:12:49.811 @MAI001 20180602
15:12:49.813 @MAI002 4.0100.0103
15:12:49.814 @MAI003 18060203
15:12:49.816 @MAI004 1
15:12:49.818 @idx 8
15:12:49.821 @MAI001 20180602
15:12:49.823 @MAI002 4.0100.0074
15:12:49.825 @MAI003 18060202
15:12:49.827 @MAI004 1
15:12:49.829 @idx 7
15:12:49.831 @MAI001 20180602
15:12:49.833 @MAI002 4.0100.0054
15:12:49.834 @MAI003 1234
15:12:49.835 @MAI004 200
15:51:29.435 @BAS001 20180602
15:51:29.437 @BAS002 MC*
15:51:29.439 @BAS003 4.0100.0061
15:51:29.441 @BAS004 *DN
15:51:29.442 @BAS005 *DV*
15:51:29.445 @BAS006 六角头螺栓|ISO 4014(GB/T 5782)|M24*120-10.9
15:51:29.446 @BAS007 *MF403
15:51:29.448 @BAS008 *AG403
15:51:29.450 @BAS009 *DC
15:51:29.453 @idx 4
15:51:29.463 @BAS001 20180602
15:51:29.465 @BAS002 MC*
15:51:29.467 @BAS003 4.0100.0074
15:51:29.468 @BAS004 *DN
15:51:29.470 @BAS005 *DV*
15:51:29.471 @BAS006 六角头螺栓|ISO 4014(GB/T 5782)|M16*110-10.9
15:51:29.472 @BAS007 *MF403
15:51:29.473 @BAS008 *AG403
15:51:29.475 @BAS009 *DC
15:51:29.476 @idx 5
15:51:29.481 @BAS001 20180602
15:51:29.483 @BAS002 MC*
15:51:29.485 @BAS003 4.0100.0371
15:51:29.487 @BAS004 *DN
15:51:29.488 @BAS005 *DV*
15:51:29.490 @BAS006 六角头螺栓|ISO 4014(GB 5782)|M16*40-10.9
15:51:29.492 @BAS007 *MF403
15:51:29.494 @BAS008 *AG403
15:51:29.495 @BAS009 *DC
15:51:29.499 @BAS001 20180602
15:51:29.500 @BAS002 MC*
15:51:29.502 @BAS003 4.0100.0103
15:51:29.503 @BAS004 *DN
15:51:29.505 @BAS005 *DV*
15:51:29.507 @BAS006 六角头螺栓|ISO 4014(GB/T 5782)|M36*160-10.9
15:51:29.508 @BAS007 *MF403
15:51:29.510 @BAS008 *AG403
15:51:29.512 @BAS009 *DC
15:51:29.515 @idx 3
16:20:41.434 @BAS001 20180602
16:20:41.437 @BAS002 MC*
16:20:41.439 @BAS003 4.0100.0371
16:20:41.440 @BAS004 *DN
16:20:41.442 @BAS005 *DV*
16:20:41.443 @BAS006 六角头螺栓|ISO 4014(GB 5782)|M16*40-10.9
16:20:41.445 @BAS007 *MF403
16:20:41.446 @BAS008 *AG403
16:20:41.447 @BAS009 *DC
16:20:41.449 @idx 6
16:20:41.451 @BAS001 20180602
16:20:41.453 @BAS002 MC*
16:20:41.454 @BAS003 111
16:20:41.456 @BAS004 *DN
16:20:41.459 @BAS005 *DV*
16:20:41.460 @BAS006 222
16:20:41.462 @BAS007 *MF403
16:20:41.463 @BAS008 *AG403
16:20:41.465 @BAS009 *DC
16:20:41.469 @BAS001 20180602
16:20:41.471 @BAS002 MC*
16:20:41.473 @BAS003 4.0200.0001
16:20:41.474 @BAS004 *DN
16:20:41.476 @BAS005 *DV*
16:20:41.479 @BAS006 钢结构用高强度垫圈|ISO 7416(GB/T 1230)|36|达克罗
16:20:41.480 @BAS007 *MF403
16:20:41.482 @BAS008 *AG403
16:20:41.483 @BAS009 *DC
16:20:41.485 @idx 7
16:20:41.488 @BAS001 20180602
16:20:41.490 @BAS002 MC*
16:20:41.491 @BAS003 4.0100.0074
16:20:41.493 @BAS004 *DN
16:20:41.495 @BAS005 *DV*
16:20:41.496 @BAS006 六角头螺栓|ISO 4014(GB/T 5782)|M16*110-10.9
16:20:41.498 @BAS007 *MF403
16:20:41.500 @BAS008 *AG403
16:20:41.502 @BAS009 *DC
16:20:41.504 @idx 5
16:20:41.506 @BAS001 20180602
16:20:41.508 @BAS002 MC*
16:20:41.509 @BAS003 4.0100.0103
16:20:41.511 @BAS004 *DN
16:20:41.512 @BAS005 *DV*
16:20:41.514 @BAS006 六角头螺栓|ISO 4014(GB/T 5782)|M36*160-10.9
16:20:41.516 @BAS007 *MF403
16:20:41.519 @BAS008 *AG403
16:20:41.521 @BAS009 *DC
16:20:41.523 @idx 3
16:20:41.526 @BAS001 20180602
16:20:41.528 @BAS002 MC*
16:20:41.530 @BAS003 4.0100.0061
16:20:41.531 @BAS004 *DN
16:20:41.534 @BAS005 *DV*
16:20:41.536 @BAS006 六角头螺栓|ISO 4014(GB/T 5782)|M24*120-10.9
16:20:41.537 @BAS007 *MF403
16:20:41.539 @BAS008 *AG403
16:20:41.540 @BAS009 *DC
16:20:41.541 @idx 4
16:21:07.319 @BAS001 20180602
16:21:07.321 @BAS002 MC*
16:21:07.323 @BAS003 4.0100.0061
16:21:07.325 @BAS004 *DN
16:21:07.327 @BAS005 *DV*
16:21:07.329 @BAS006 六角头螺栓|ISO 4014(GB/T 5782)|M24*120-10.9
16:21:07.331 @BAS007 *MF403
16:21:07.334 @BAS008 *AG403
16:21:07.336 @BAS009 *DC
16:21:07.338 @idx 4
16:21:07.340 @BAS001 20180602
16:21:07.342 @BAS002 MC*
16:21:07.343 @BAS003 111
16:21:07.344 @BAS004 *DN
16:21:07.345 @BAS005 *DV*
16:21:07.347 @BAS006 222
16:21:07.349 @BAS007 *MF403
16:21:07.350 @BAS008 *AG403
16:21:07.353 @BAS009 *DC
16:21:07.354 @idx 8
16:21:07.357 @BAS001 20180602
16:21:07.360 @BAS002 MC*
16:21:07.362 @BAS003 4.0100.0371
16:21:07.363 @BAS004 *DN
16:21:07.365 @BAS005 *DV*
16:21:07.366 @BAS006 六角头螺栓|ISO 4014(GB 5782)|M16*40-10.9
16:21:07.368 @BAS007 *MF403
16:21:07.369 @BAS008 *AG403
16:21:07.371 @BAS009 *DC
16:21:07.372 @idx 6
16:21:07.375 @BAS001 20180602
16:21:07.376 @BAS002 MC*
16:21:07.378 @BAS003 4.0200.0001
16:21:07.379 @BAS004 *DN
16:21:07.381 @BAS005 *DV*
16:21:07.382 @BAS006 钢结构用高强度垫圈|ISO 7416(GB/T 1230)|36|达克罗
16:21:07.382 @BAS007 *MF403
16:21:07.383 @BAS008 *AG403
16:21:07.386 @BAS009 *DC
16:21:07.388 @idx 7
16:21:07.392 @BAS001 20180602
16:21:07.394 @BAS002 MC*
16:21:07.396 @BAS003 4.0100.0103
16:21:07.398 @BAS004 *DN
16:21:07.400 @BAS005 *DV*
16:21:07.402 @BAS006 六角头螺栓|ISO 4014(GB/T 5782)|M36*160-10.9
16:21:07.403 @BAS007 *MF403
16:21:07.405 @BAS008 *AG403
16:21:07.406 @BAS009 *DC
16:21:07.407 @idx 3
16:21:07.409 @BAS001 20180602
16:21:07.411 @BAS002 MC*
16:21:07.413 @BAS003 4.0100.0074
16:21:07.415 @BAS004 *DN
16:21:07.416 @BAS005 *DV*
16:21:07.417 @BAS006 六角头螺栓|ISO 4014(GB/T 5782)|M16*110-10.9
16:21:07.420 @BAS007 *MF403
16:21:07.422 @BAS008 *AG403
16:21:07.424 @BAS009 *DC
16:21:07.426 @idx 5
16:21:55.079 @BAS001 20180602
16:21:55.081 @BAS002 MC*
16:21:55.083 @BAS003 4.0100.0061
16:21:55.084 @BAS004 *DN
16:21:55.086 @BAS005 *DV*
16:21:55.088 @BAS006 六角头螺栓|ISO 4014(GB/T 5782)|M24*120-10.9
16:21:55.089 @BAS007 *MF403
16:21:55.090 @BAS008 *AG403
16:21:55.093 @BAS009 *DC
16:21:55.095 @idx 4
16:21:55.099 @BAS001 20180602
16:21:55.101 @BAS002 MC*
16:21:55.103 @BAS003 4.0100.0371
16:21:55.105 @BAS004 *DN
16:21:55.107 @BAS005 *DV*
16:21:55.109 @BAS006 六角头螺栓|ISO 4014(GB 5782)|M16*40-10.9
16:21:55.110 @BAS007 *MF403
16:21:55.112 @BAS008 *AG403
16:21:55.113 @BAS009 *DC
16:21:55.114 @idx 6
16:21:55.117 @BAS001 20180602
16:21:55.119 @BAS002 MC*
16:21:55.120 @BAS003 4.0100.0074
16:21:55.122 @BAS004 *DN
16:21:55.124 @BAS005 *DV*
16:21:55.126 @BAS006 六角头螺栓|ISO 4014(GB/T 5782)|M16*110-10.9
16:21:55.128 @BAS007 *MF403
16:21:55.130 @BAS008 *AG403
16:21:55.131 @BAS009 *DC
16:21:55.133 @idx 5
16:21:55.136 @BAS001 20180602
16:21:55.138 @BAS002 MC*
16:21:55.140 @BAS003 4.0100.0103
16:21:55.141 @BAS004 *DN
16:21:55.143 @BAS005 *DV*
16:21:55.144 @BAS006 六角头螺栓|ISO 4014(GB/T 5782)|M36*160-10.9
16:21:55.145 @BAS007 *MF403
16:21:55.146 @BAS008 *AG403
16:21:55.147 @BAS009 *DC
16:21:55.148 @idx 3
16:21:55.152 @BAS001 20180602
16:21:55.155 @BAS002 MC*
16:21:55.157 @BAS003 4.0200.0001
16:21:55.159 @BAS004 *DN
16:21:55.161 @BAS005 *DV*
16:21:55.164 @BAS006 钢结构用高强度垫圈|ISO 7416(GB/T 1230)|36|达克罗
16:21:55.166 @BAS007 *MF403
16:21:55.168 @BAS008 *AG403
16:21:55.169 @BAS009 *DC
16:21:55.171 @idx 7
16:21:55.174 @BAS001 20180602
16:21:55.175 @BAS002 MC*
16:21:55.177 @BAS003 111
16:21:55.178 @BAS004 *DN
16:21:55.179 @BAS005 *DV*
16:21:55.181 @BAS006 222
16:21:55.184 @BAS007 *MF403
16:21:55.185 @BAS008 *AG403
16:21:55.187 @BAS009 *DC
16:21:55.189 @idx 8
16:21:55.193 @BAS001 20180602
16:21:55.194 @BAS002 1
16:21:55.196 @BAS003 1
16:21:55.197 @BAS004 1
16:21:55.198 @BAS005 1
16:21:55.200 @BAS006 1
16:21:55.201 @BAS007 1
16:21:55.203 @BAS008 1
16:21:55.204 @BAS009 1
